[1.260s] running egg_info
[1.261s] creating /opt/ros2_ws/src/pubsub/build/pubsub/pubsub.egg-info
[1.261s] writing /opt/ros2_ws/src/pubsub/build/pubsub/pubsub.egg-info/PKG-INFO
[1.262s] writing dependency_links to /opt/ros2_ws/src/pubsub/build/pubsub/pubsub.egg-info/dependency_links.txt
[1.262s] writing entry points to /opt/ros2_ws/src/pubsub/build/pubsub/pubsub.egg-info/entry_points.txt
[1.263s] writing requirements to /opt/ros2_ws/src/pubsub/build/pubsub/pubsub.egg-info/requires.txt
[1.263s] writing top-level names to /opt/ros2_ws/src/pubsub/build/pubsub/pubsub.egg-info/top_level.txt
[1.263s] writing manifest file '/opt/ros2_ws/src/pubsub/build/pubsub/pubsub.egg-info/SOURCES.txt'
[1.327s] reading manifest file '/opt/ros2_ws/src/pubsub/build/pubsub/pubsub.egg-info/SOURCES.txt'
[1.329s] writing manifest file '/opt/ros2_ws/src/pubsub/build/pubsub/pubsub.egg-info/SOURCES.txt'
[1.330s] running build
[1.330s] running build_py
[1.330s] creating /opt/ros2_ws/src/pubsub/build/pubsub/build
[1.331s] creating /opt/ros2_ws/src/pubsub/build/pubsub/build/lib
[1.331s] creating /opt/ros2_ws/src/pubsub/build/pubsub/build/lib/pubsub
[1.331s] copying pubsub/pubsub.py -> /opt/ros2_ws/src/pubsub/build/pubsub/build/lib/pubsub
[1.332s] copying pubsub/__init__.py -> /opt/ros2_ws/src/pubsub/build/pubsub/build/lib/pubsub
[1.332s] copying pubsub/pubsub2.py -> /opt/ros2_ws/src/pubsub/build/pubsub/build/lib/pubsub
[1.332s] running install
[1.332s] running install_lib
[1.333s] creating /opt/ros2_ws/src/pubsub/install/pubsub/lib/python3.6/site-packages/pubsub
[1.334s] copying /opt/ros2_ws/src/pubsub/build/pubsub/build/lib/pubsub/pubsub.py -> /opt/ros2_ws/src/pubsub/install/pubsub/lib/python3.6/site-packages/pubsub
[1.334s] copying /opt/ros2_ws/src/pubsub/build/pubsub/build/lib/pubsub/__init__.py -> /opt/ros2_ws/src/pubsub/install/pubsub/lib/python3.6/site-packages/pubsub
[1.334s] copying /opt/ros2_ws/src/pubsub/build/pubsub/build/lib/pubsub/pubsub2.py -> /opt/ros2_ws/src/pubsub/install/pubsub/lib/python3.6/site-packages/pubsub
[1.335s] byte-compiling /opt/ros2_ws/src/pubsub/install/pubsub/lib/python3.6/site-packages/pubsub/pubsub.py to pubsub.cpython-36.pyc
[1.336s] byte-compiling /opt/ros2_ws/src/pubsub/install/pubsub/lib/python3.6/site-packages/pubsub/__init__.py to __init__.cpython-36.pyc
[1.336s] byte-compiling /opt/ros2_ws/src/pubsub/install/pubsub/lib/python3.6/site-packages/pubsub/pubsub2.py to pubsub2.cpython-36.pyc
[1.337s] running install_data
[1.338s] creating /opt/ros2_ws/src/pubsub/install/pubsub/share/ament_index
[1.338s] creating /opt/ros2_ws/src/pubsub/install/pubsub/share/ament_index/resource_index
[1.338s] creating /opt/ros2_ws/src/pubsub/install/pubsub/share/ament_index/resource_index/packages
[1.338s] copying resource/pubsub -> /opt/ros2_ws/src/pubsub/install/pubsub/share/ament_index/resource_index/packages
[1.339s] copying package.xml -> /opt/ros2_ws/src/pubsub/install/pubsub/share/pubsub
[1.339s] running install_egg_info
[1.341s] Copying /opt/ros2_ws/src/pubsub/build/pubsub/pubsub.egg-info to /opt/ros2_ws/src/pubsub/install/pubsub/lib/python3.6/site-packages/pubsub-0.0.0-py3.6.egg-info
[1.343s] running install_scripts
[1.369s] Installing pubsub script to /opt/ros2_ws/src/pubsub/install/pubsub/lib/pubsub
[1.369s] Installing pubsub2 script to /opt/ros2_ws/src/pubsub/install/pubsub/lib/pubsub
[1.370s] writing list of installed files to '/opt/ros2_ws/src/pubsub/build/pubsub/install.log'
